  stdafx.cpp
  Base64.cpp
  Filter.cpp
  GlobalServer.cpp
  Performance.cpp
  GlobalURLRequest.cpp
  md5.cpp
  MYSQLCommand.cpp
  MYSQLDBClient.cpp
  MYSQLDBSys.cpp
  MYSQLManagerBase.cpp
  RedisConnector.cpp
  RedisConnectorCommand.cpp
  RedisConnectorPool.cpp
  Application.cpp
  AutoCloseFile.cpp
  Log.cpp
  PkgParserBase.cpp
  SyncObj.cpp
  TimerHandler.cpp
  TimerThread.cpp
  正在编译...
  YTThread.cpp
  Utility.cpp
  SendBuffer.cpp
  YTSocketBase.cpp
  YTSocketClient.cpp
  YTSocketConnector.cpp
  YTSocketMutiClient.cpp
  YTSocketMutiClientController.cpp
  YTSocketServer.cpp
  YTSocketThread.cpp
  tinyxml2.cpp
  XMLDocument.cpp
  XMLNode.cpp
  XMLParser.cpp
  urlwriter.cpp
  ExceptHandler.cpp
  Lib.vcxproj -> E:\git\YTSvrLib\x64\Release64\YTSvrLib_x64.lib
  E:\git\YTSvrLib\x64\Release64\YTSvrLib_x64.lib -> E:\git\YTSvrLib\Lib\YTSvrLib_x64.lib
  复制了 1 个文件
  E:\git\YTSvrLib\src\YTSvrLib.h -> E:\git\YTSvrLib\Header\YTSvrLib.h
  E:\git\YTSvrLib\src\Global\GlobalServer.h -> E:\git\YTSvrLib\Header\Global\GlobalServer.h
  E:\git\YTSvrLib\src\Global\Performance.h -> E:\git\YTSvrLib\Header\Global\Performance.h
  复制了 3 个文件
  复制了 0 个文件
